<?xml version="1.0" encoding="UTF-8"?>
<!-- Generated by org.testng.reporters.JUnitXMLReporter -->
<testsuite ignored="0" hostname="karima-hp" failures="0" tests="3" name="Default test" time="18.006" errors="0" timestamp="09 Apr 2023 16:25:51 GMT">
  <testcase classname="com.tutorialsninja.qa.testcases.SearchTest" name="verifySearchWithValidProduct" time="1.141"/>
  <testcase classname="com.tutorialsninja.qa.testcases.SearchTest" name="verifySearchwithInvalidproduct" time="0.665"/>
  <testcase classname="com.tutorialsninja.qa.testcases.SearchTest" name="verifySearchWithoutAnyproduct" time="0.721"/>
</testsuite> <!-- Default test -->
